<?xml version="1.0" encoding="UTF-8"?>
<!-- Generated by org.testng.reporters.JUnitXMLReporter -->
<testsuite hostname="DESKTOP-DGT7RT8" ignored="0" name="runAll" tests="5" failures="0" timestamp="28 七月 2018 13:05:21 GMT" time="0.03" errors="0">
  <testcase name="stu1" time="0.007" classname="group.GroupsOnClass1"/>
  <testcase name="stu2" time="0.001" classname="group.GroupsOnClass1"/>
  <testcase name="stu1" time="0.0" classname="group.GroupsOnClass2"/>
  <testcase name="stu2" time="0.001" classname="group.GroupsOnClass2"/>
  <testcase name="teacher1" time="0.001" classname="group.GroupsOnClass3"/>
</testsuite> <!-- runAll -->
