<?xml version="1.0" encoding="UTF-8"?>
<!-- Generated by org.testng.reporters.JUnitXMLReporter -->
<testsuite hostname="DESKTOP-DGT7RT8" ignored="1" name="Default test" tests="2" failures="0" timestamp="23 七月 2018 14:45:56 GMT" time="0.023" errors="0">
  <testcase name="ignore1" time="0.007" classname="suite.IgnoreTest"/>
  <testcase name="ingore3" time="0.0" classname="suite.IgnoreTest"/>
  <testcase name="ignore2" time="0.0" classname="suite.IgnoreTest">
    <ignored/>
  </testcase> <!-- ignore2 -->
</testsuite> <!-- Default test -->
