<?xml version="1.0" encoding="UTF-8"?>
<testng-results skipped="0" failed="0" ignored="1" total="3" passed="2">
  <reporter-output>
  </reporter-output>
  <suite name="Default suite" duration-ms="23" started-at="2018-07-23T14:45:56Z" finished-at="2018-07-23T14:45:56Z">
    <groups>
    </groups>
    <test name="Default test" duration-ms="23" started-at="2018-07-23T14:45:56Z" finished-at="2018-07-23T14:45:56Z">
      <class name="suite.IgnoreTest">
        <test-method status="PASS" signature="ignore1()[pri:0, instance:suite.IgnoreTest@7c0e2abd]" name="ignore1" duration-ms="7" started-at="2018-07-23T22:45:56Z" finished-at="2018-07-23T22:45:56Z">
          <reporter-output>
          </reporter-output>
        </test-method> <!-- ignore1 -->
        <test-method status="PASS" signature="ingore3()[pri:0, instance:suite.IgnoreTest@7c0e2abd]" name="ingore3" duration-ms="0" started-at="2018-07-23T22:45:56Z" finished-at="2018-07-23T22:45:56Z">
          <reporter-output>
          </reporter-output>
        </test-method> <!-- ingore3 -->
      </class> <!-- suite.IgnoreTest -->
    </test> <!-- Default test -->
  </suite> <!-- Default suite -->
</testng-results>
